<?xml version="1.0" encoding="UTF-8"?>
<testng-results skipped="0" failed="0" total="1" passed="1">
  <reporter-output>
  </reporter-output>
  <suite name="Default suite" duration-ms="39319" started-at="2019-07-26T08:44:02Z" finished-at="2019-07-26T08:44:41Z">
    <groups>
    </groups>
    <test name="Default test" duration-ms="39319" started-at="2019-07-26T08:44:02Z" finished-at="2019-07-26T08:44:41Z">
      <class name="DriverFactory.AppTest">
        <test-method status="PASS" signature="KickStart()[pri:0, instance:DriverFactory.AppTest@20e2cbe0]" name="KickStart" duration-ms="39304" started-at="2019-07-26T14:14:02Z" finished-at="2019-07-26T14:14:41Z">
          <reporter-output>
          </reporter-output>
        </test-method> <!-- KickStart -->
      </class> <!-- DriverFactory.AppTest -->
    </test> <!-- Default test -->
  </suite> <!-- Default suite -->
</testng-results>
